0 info it worked if it ends with ok
1 verbose cli [ 'C:\\Program Files\\nodejs\\node.exe',
1 verbose cli   'C:\\Program Files\\nodejs\\node_modules\\npm\\bin\\npm-cli.js',
1 verbose cli   'run',
1 verbose cli   'watch' ]
2 info using npm@4.0.5
3 info using node@v7.4.0
4 verbose run-script [ 'prewatch', 'watch', 'postwatch' ]
5 info lifecycle team-project-client@0.0.1~prewatch: team-project-client@0.0.1
6 silly lifecycle team-project-client@0.0.1~prewatch: no script for prewatch, continuing
7 info lifecycle team-project-client@0.0.1~watch: team-project-client@0.0.1
8 verbose lifecycle team-project-client@0.0.1~watch: unsafe-perm in lifecycle true
9 verbose lifecycle team-project-client@0.0.1~watch: PATH: C:\Program Files\nodejs\node_modules\npm\bin\node-gyp-bin;D:\CS326\team-project-client-template\client\node_modules\.bin;C:\Users\kuran_000\AppData\Roaming\npm;C:\Program Files\nodejs\;C:\Program Files (x86)\Common Files\Intel\Shared Libraries\redist\ia32\mpirt;C:\Program Files (x86)\Common Files\Intel\Shared Libraries\redist\ia32\compiler;C:\ProgramData\Oracle\Java\javapath;C:\WINDOWS\system32;C:\WINDOWS;C:\WINDOWS\System32\Wbem;C:\WINDOWS\System32\WindowsPowerShell\v1.0\;C:\Program Files (x86)\NVIDIA Corporation\PhysX\Common;C:\Program Files (x86)\QuickTime\QTSystem\;C:\WINDOWS\system32;C:\WINDOWS;C:\WINDOWS\System32\Wbem;C:\WINDOWS\System32\WindowsPowerShell\v1.0\;C:\Program Files\nodejs\;C:\Program Files\Git\cmd;D:\MiKTeX\miktex\bin\x64\;C:\Program Files (x86)\Skype\Phone\;C:\Users\kuran_000\AppData\Local\Microsoft\WindowsApps;C:\Users\kuran_000\AppData\Local\atom\bin;C:\Users\kuran_000\AppData\Roaming\npm
10 verbose lifecycle team-project-client@0.0.1~watch: CWD: D:\CS326\team-project-client-template\client
11 silly lifecycle team-project-client@0.0.1~watch: Args: [ '/d /s /c', 'webpack --watch' ]
12 verbose stack Error: kill ENOSYS
12 verbose stack     at exports._errnoException (util.js:1022:11)
12 verbose stack     at process.kill (internal/process.js:173:13)
12 verbose stack     at process.listener (C:\Program Files\nodejs\node_modules\npm\node_modules\npmlog\node_modules\gauge\node_modules\signal-exit\index.js:86:15)
12 verbose stack     at emitNone (events.js:91:20)
12 verbose stack     at process.emit (events.js:185:7)
12 verbose stack     at processEmit (C:\Program Files\nodejs\node_modules\npm\node_modules\npmlog\node_modules\gauge\node_modules\signal-exit\index.js:146:32)
12 verbose stack     at processEmit (C:\Program Files\nodejs\node_modules\npm\node_modules\npm-registry-client\node_modules\npmlog\node_modules\gauge\node_modules\signal-exit\index.js:146:32)
12 verbose stack     at Signal.wrap.onsignal (internal/process.js:200:44)
13 verbose cwd D:\CS326\team-project-client-template\client
14 error Windows_NT 10.0.14393
15 error argv "C:\\Program Files\\nodejs\\node.exe" "C:\\Program Files\\nodejs\\node_modules\\npm\\bin\\npm-cli.js" "run" "watch"
16 error node v7.4.0
17 error npm  v4.0.5
18 error code ENOSYS
19 error errno ENOSYS
20 error syscall kill
21 error kill ENOSYS
22 error If you need help, you may report this error at:
22 error     <https://github.com/npm/npm/issues>
23 verbose exit [ 1, true ]
